<?xml version="1.0" encoding="UTF-8"?>
<!-- Generated by org.testng.reporters.JUnitXMLReporter -->
<testsuite hostname="DESKTOP-DOIMUML" ignored="0" name="CRUD Automated Script" tests="3" failures="1" timestamp="24 Mar 2019 11:15:46 GMT" time="32.86" errors="0">
  <testcase name="CreateRecipe" time="11.578" classname="crud_test.CRUDoperation"/>
  <testcase name="EditRecipe" time="7.752" classname="crud_test.CRUDoperation">
    <failure type="java.lang.AssertionError" message="expected [Salad] but found [Coleslaw]">
      <![CDATA[java.lang.AssertionError: expected [Salad] but found [Coleslaw]
at crud_test.CRUDoperation.EditRecipe(CRUDoperation.java:81)
... Removed 31 stack frames]]>
    </failure>
  </testcase> <!-- EditRecipe -->
  <testcase name="DeleteRecipe" time="3.217" classname="crud_test.CRUDoperation"/>
</testsuite> <!-- CRUD Automated Script -->
